W0613 20:19:02.736752 1621699 gpu_resources.cc:119] Please NOTE: device: 0, GPU Compute Capability: 90.0, Driver API Version: 50400.0, Runtime API Version: 50400.0
EEE
======================================================================
ERROR: test_check_results (op_test_helper.TestTriangularSolveOpShapeTest.TestTriangularSolveOpShapeTest0)
----------------------------------------------------------------------
Traceback (most recent call last):
  File "test_triangular_solve_op.py", line 107, in test_check_results
    self.check_outputs_and_grads()
  File "/workspace/Paddle/test/cinn/ops/op_test.py", line 155, in check_outputs_and_grads
    self.build_paddle_program(self.target)
  File "test_triangular_solve_op.py", line 58, in build_paddle_program
    out = paddle.linalg.triangular_solve(
  File "/workspace/Paddle/build/python/paddle/tensor/linalg.py", line 3779, in triangular_solve
    return _C_ops.triangular_solve(x, y, upper, transpose, unitriangular)
NotImplementedError: (Unimplemented) cublasStrsmBatched is not supported on HIP platform. (at /workspace/Paddle/paddle/phi/kernels/funcs/blas/blas_impl.hip.h:98)


======================================================================
ERROR: test_check_results (op_test_helper.TestTriangularSolveOpShapeTest.TestTriangularSolveOpShapeTest1)
----------------------------------------------------------------------
Traceback (most recent call last):
  File "test_triangular_solve_op.py", line 107, in test_check_results
    self.check_outputs_and_grads()
  File "/workspace/Paddle/test/cinn/ops/op_test.py", line 155, in check_outputs_and_grads
    self.build_paddle_program(self.target)
  File "test_triangular_solve_op.py", line 58, in build_paddle_program
    out = paddle.linalg.triangular_solve(
  File "/workspace/Paddle/build/python/paddle/tensor/linalg.py", line 3779, in triangular_solve
    return _C_ops.triangular_solve(x, y, upper, transpose, unitriangular)
NotImplementedError: (Unimplemented) cublasStrsmBatched is not supported on HIP platform. (at /workspace/Paddle/paddle/phi/kernels/funcs/blas/blas_impl.hip.h:98)


======================================================================
ERROR: test_check_results (op_test_helper.TestTriangularSolveOpShapeTest.TestTriangularSolveOpShapeTest2)
----------------------------------------------------------------------
Traceback (most recent call last):
  File "test_triangular_solve_op.py", line 107, in test_check_results
    self.check_outputs_and_grads()
  File "/workspace/Paddle/test/cinn/ops/op_test.py", line 155, in check_outputs_and_grads
    self.build_paddle_program(self.target)
  File "test_triangular_solve_op.py", line 58, in build_paddle_program
    out = paddle.linalg.triangular_solve(
  File "/workspace/Paddle/build/python/paddle/tensor/linalg.py", line 3779, in triangular_solve
    return _C_ops.triangular_solve(x, y, upper, transpose, unitriangular)
NotImplementedError: (Unimplemented) cublasStrsmBatched is not supported on HIP platform. (at /workspace/Paddle/paddle/phi/kernels/funcs/blas/blas_impl.hip.h:98)


----------------------------------------------------------------------
Ran 3 tests in 5.577s

FAILED (errors=3)

Running TestTriangularSolveOpShapeTest.TestTriangularSolveOpShapeTest0: {'shape1': [1, 3, 3], 'shape2': [1, 3, 1], 'dtype': 'float32', 'left_side': True, 'upper': True, 'transpose_a': False, 'unit_diagonal': False}

Running TestTriangularSolveOpShapeTest.TestTriangularSolveOpShapeTest1: {'shape1': [1, 1, 1], 'shape2': [1, 1, 1], 'dtype': 'float32', 'left_side': True, 'upper': True, 'transpose_a': False, 'unit_diagonal': False}

Running TestTriangularSolveOpShapeTest.TestTriangularSolveOpShapeTest2: {'shape1': [2, 3, 3], 'shape2': [2, 3, 10], 'dtype': 'float32', 'left_side': True, 'upper': True, 'transpose_a': False, 'unit_diagonal': False}
